[2026-07-10T11:28:11.599+0000] {local_task_job_runner.py:120} INFO - ::group::Pre task execution logs
[2026-07-10T11:28:11.660+0000] {taskinstance.py:2076} INFO - Dependencies all met for dep_context=non-requeueable deps ti=<TaskInstance: nyc_taxi_batch_etl.process_month scheduled__2026-07-09T03:00:00+00:00 map_index=0 [queued]>
[2026-07-10T11:28:11.670+0000] {taskinstance.py:2076} INFO - Dependencies all met for dep_context=requeueable deps ti=<TaskInstance: nyc_taxi_batch_etl.process_month scheduled__2026-07-09T03:00:00+00:00 map_index=0 [queued]>
[2026-07-10T11:28:11.670+0000] {taskinstance.py:2306} INFO - Starting attempt 2 of 4
[2026-07-10T11:28:11.687+0000] {taskinstance.py:2330} INFO - Executing <Mapped(_PythonDecoratedOperator): process_month> on 2026-07-09 03:00:00+00:00
[2026-07-10T11:28:11.693+0000] {standard_task_runner.py:64} INFO - Started process 1577 to run task
[2026-07-10T11:28:11.702+0000] {standard_task_runner.py:90} INFO - Running: ['***', 'tasks', 'run', 'nyc_taxi_batch_etl', 'process_month', 'scheduled__2026-07-09T03:00:00+00:00', '--job-id', '60', '--raw', '--subdir', 'DAGS_FOLDER/taxi_etl_dag.py', '--cfg-path', '/tmp/tmp7808sc2c', '--map-index', '0']
[2026-07-10T11:28:11.704+0000] {standard_task_runner.py:91} INFO - Job 60: Subtask process_month
[2026-07-10T11:28:11.952+0000] {task_command.py:426} INFO - Running <TaskInstance: nyc_taxi_batch_etl.process_month scheduled__2026-07-09T03:00:00+00:00 map_index=0 [running]> on host f20f0baeb657
[2026-07-10T11:28:12.190+0000] {taskinstance.py:2648} INFO - Exporting env vars: AIRFLOW_CTX_DAG_OWNER='data-engineering' AIRFLOW_CTX_DAG_ID='nyc_taxi_batch_etl' AIRFLOW_CTX_TASK_ID='process_month' AIRFLOW_CTX_EXECUTION_DATE='2026-07-09T03:00:00+00:00' AIRFLOW_CTX_TRY_NUMBER='2' AIRFLOW_CTX_DAG_RUN_ID='scheduled__2026-07-09T03:00:00+00:00'
[2026-07-10T11:28:12.193+0000] {taskinstance.py:430} INFO - ::endgroup::
[2026-07-10T11:44:15.846+0000] {python.py:237} INFO - Done. Returned value was: {'month': '2023-01', 'rows_extracted': 3066766, 'rows_duplicate': 0, 'rows_rejected': 73397, 'rows_clean': 2993369, 'reject_rate_pct': 2.393, 'rows_loaded': 2993369}
[2026-07-10T11:44:15.849+0000] {taskinstance.py:441} INFO - ::group::Post task execution logs
[2026-07-10T11:44:16.130+0000] {taskinstance.py:1206} INFO - Marking task as SUCCESS. dag_id=nyc_taxi_batch_etl, task_id=process_month, run_id=scheduled__2026-07-09T03:00:00+00:00, map_index=0, execution_date=20260709T030000, start_date=20260710T112811, end_date=20260710T114416
[2026-07-10T11:44:16.298+0000] {local_task_job_runner.py:243} INFO - Task exited with return code 0
[2026-07-10T11:44:16.410+0000] {taskinstance.py:3503} INFO - 0 downstream tasks scheduled from follow-on schedule check
[2026-07-10T11:44:16.412+0000] {local_task_job_runner.py:222} INFO - ::endgroup::
[2026-07-10T13:50:24.638+0000] {local_task_job_runner.py:120} INFO - ::group::Pre task execution logs
[2026-07-10T13:50:24.687+0000] {taskinstance.py:2076} INFO - Dependencies all met for dep_context=non-requeueable deps ti=<TaskInstance: nyc_taxi_batch_etl.process_month scheduled__2026-07-09T03:00:00+00:00 map_index=0 [queued]>
[2026-07-10T13:50:24.699+0000] {taskinstance.py:2076} INFO - Dependencies all met for dep_context=requeueable deps ti=<TaskInstance: nyc_taxi_batch_etl.process_month scheduled__2026-07-09T03:00:00+00:00 map_index=0 [queued]>
[2026-07-10T13:50:24.700+0000] {taskinstance.py:2306} INFO - Starting attempt 2 of 3
[2026-07-10T13:50:24.712+0000] {taskinstance.py:2330} INFO - Executing <Mapped(_PythonDecoratedOperator): process_month> on 2026-07-09 03:00:00+00:00
[2026-07-10T13:50:24.717+0000] {standard_task_runner.py:64} INFO - Started process 175 to run task
[2026-07-10T13:50:24.721+0000] {standard_task_runner.py:90} INFO - Running: ['***', 'tasks', 'run', 'nyc_taxi_batch_etl', 'process_month', 'scheduled__2026-07-09T03:00:00+00:00', '--job-id', '16', '--raw', '--subdir', 'DAGS_FOLDER/taxi_etl_dag.py', '--cfg-path', '/tmp/tmpmpfaf5zc', '--map-index', '0']
[2026-07-10T13:50:24.723+0000] {standard_task_runner.py:91} INFO - Job 16: Subtask process_month
[2026-07-10T13:50:24.793+0000] {task_command.py:426} INFO - Running <TaskInstance: nyc_taxi_batch_etl.process_month scheduled__2026-07-09T03:00:00+00:00 map_index=0 [running]> on host 727d2fef0d7e
[2026-07-10T13:50:24.928+0000] {taskinstance.py:2648} INFO - Exporting env vars: AIRFLOW_CTX_DAG_OWNER='data-engineering' AIRFLOW_CTX_DAG_ID='nyc_taxi_batch_etl' AIRFLOW_CTX_TASK_ID='process_month' AIRFLOW_CTX_EXECUTION_DATE='2026-07-09T03:00:00+00:00' AIRFLOW_CTX_TRY_NUMBER='2' AIRFLOW_CTX_DAG_RUN_ID='scheduled__2026-07-09T03:00:00+00:00'
[2026-07-10T13:50:24.929+0000] {taskinstance.py:430} INFO - ::endgroup::
[2026-07-10T14:03:56.451+0000] {python.py:237} INFO - Done. Returned value was: {'month': '2023-01', 'rows_extracted': 3066766, 'rows_duplicate': 0, 'rows_rejected': 73397, 'rows_clean': 2993369, 'reject_rate_pct': 2.393, 'rows_loaded': 2993369}
[2026-07-10T14:03:56.540+0000] {taskinstance.py:441} INFO - ::group::Post task execution logs
[2026-07-10T14:03:57.415+0000] {taskinstance.py:1206} INFO - Marking task as SUCCESS. dag_id=nyc_taxi_batch_etl, task_id=process_month, run_id=scheduled__2026-07-09T03:00:00+00:00, map_index=0, execution_date=20260709T030000, start_date=20260710T135024, end_date=20260710T140357
[2026-07-10T14:03:57.694+0000] {local_task_job_runner.py:243} INFO - Task exited with return code 0
[2026-07-10T14:03:58.579+0000] {taskinstance.py:3503} INFO - 1 downstream tasks scheduled from follow-on schedule check
[2026-07-10T14:03:58.583+0000] {local_task_job_runner.py:222} INFO - ::endgroup::
