[2026-07-10T09:43:16.649+0000] {local_task_job_runner.py:120} INFO - ::group::Pre task execution logs
[2026-07-10T09:43:16.681+0000] {taskinstance.py:2076} INFO - Dependencies all met for dep_context=non-requeueable deps ti=<TaskInstance: nyc_taxi_batch_etl.get_months scheduled__2026-07-09T03:00:00+00:00 [queued]>
[2026-07-10T09:43:16.691+0000] {taskinstance.py:2076} INFO - Dependencies all met for dep_context=requeueable deps ti=<TaskInstance: nyc_taxi_batch_etl.get_months scheduled__2026-07-09T03:00:00+00:00 [queued]>
[2026-07-10T09:43:16.691+0000] {taskinstance.py:2306} INFO - Starting attempt 1 of 3
[2026-07-10T09:43:16.727+0000] {taskinstance.py:2330} INFO - Executing <Task(_PythonDecoratedOperator): get_months> on 2026-07-09 03:00:00+00:00
[2026-07-10T09:43:16.733+0000] {standard_task_runner.py:64} INFO - Started process 219 to run task
[2026-07-10T09:43:16.738+0000] {standard_task_runner.py:90} INFO - Running: ['***', 'tasks', 'run', 'nyc_taxi_batch_etl', 'get_months', 'scheduled__2026-07-09T03:00:00+00:00', '--job-id', '5', '--raw', '--subdir', 'DAGS_FOLDER/taxi_etl_dag.py', '--cfg-path', '/tmp/tmpp45pds99']
[2026-07-10T09:43:16.740+0000] {standard_task_runner.py:91} INFO - Job 5: Subtask get_months
[2026-07-10T09:43:16.826+0000] {task_command.py:426} INFO - Running <TaskInstance: nyc_taxi_batch_etl.get_months scheduled__2026-07-09T03:00:00+00:00 [running]> on host f20f0baeb657
[2026-07-10T09:43:17.006+0000] {taskinstance.py:2648} INFO - Exporting env vars: AIRFLOW_CTX_DAG_OWNER='data-engineering' AIRFLOW_CTX_DAG_ID='nyc_taxi_batch_etl' AIRFLOW_CTX_TASK_ID='get_months' AIRFLOW_CTX_EXECUTION_DATE='2026-07-09T03:00:00+00:00' AIRFLOW_CTX_TRY_NUMBER='1' AIRFLOW_CTX_DAG_RUN_ID='scheduled__2026-07-09T03:00:00+00:00'
[2026-07-10T09:43:17.008+0000] {taskinstance.py:430} INFO - ::endgroup::
[2026-07-10T09:43:17.009+0000] {python.py:237} INFO - Done. Returned value was: ['2023-01', '2023-02']
[2026-07-10T09:43:17.009+0000] {taskinstance.py:441} INFO - ::group::Post task execution logs
[2026-07-10T09:43:17.125+0000] {taskinstance.py:1206} INFO - Marking task as SUCCESS. dag_id=nyc_taxi_batch_etl, task_id=get_months, run_id=scheduled__2026-07-09T03:00:00+00:00, execution_date=20260709T030000, start_date=20260710T094316, end_date=20260710T094317
[2026-07-10T09:43:17.194+0000] {local_task_job_runner.py:243} INFO - Task exited with return code 0
[2026-07-10T09:43:17.261+0000] {taskinstance.py:3503} INFO - 3 downstream tasks scheduled from follow-on schedule check
[2026-07-10T09:43:17.816+0000] {local_task_job_runner.py:222} INFO - ::endgroup::
[2026-07-10T11:56:03.845+0000] {local_task_job_runner.py:120} INFO - ::group::Pre task execution logs
[2026-07-10T11:56:03.878+0000] {taskinstance.py:2076} INFO - Dependencies all met for dep_context=non-requeueable deps ti=<TaskInstance: nyc_taxi_batch_etl.get_months scheduled__2026-07-09T03:00:00+00:00 [queued]>
[2026-07-10T11:56:03.885+0000] {taskinstance.py:2076} INFO - Dependencies all met for dep_context=requeueable deps ti=<TaskInstance: nyc_taxi_batch_etl.get_months scheduled__2026-07-09T03:00:00+00:00 [queued]>
[2026-07-10T11:56:03.886+0000] {taskinstance.py:2306} INFO - Starting attempt 1 of 3
[2026-07-10T11:56:03.898+0000] {taskinstance.py:2330} INFO - Executing <Task(_PythonDecoratedOperator): get_months> on 2026-07-09 03:00:00+00:00
[2026-07-10T11:56:03.904+0000] {standard_task_runner.py:64} INFO - Started process 194 to run task
[2026-07-10T11:56:03.907+0000] {standard_task_runner.py:90} INFO - Running: ['***', 'tasks', 'run', 'nyc_taxi_batch_etl', 'get_months', 'scheduled__2026-07-09T03:00:00+00:00', '--job-id', '5', '--raw', '--subdir', 'DAGS_FOLDER/taxi_etl_dag.py', '--cfg-path', '/tmp/tmpubt61hn6']
[2026-07-10T11:56:03.909+0000] {standard_task_runner.py:91} INFO - Job 5: Subtask get_months
[2026-07-10T11:56:03.971+0000] {task_command.py:426} INFO - Running <TaskInstance: nyc_taxi_batch_etl.get_months scheduled__2026-07-09T03:00:00+00:00 [running]> on host 727d2fef0d7e
[2026-07-10T11:56:04.077+0000] {taskinstance.py:2648} INFO - Exporting env vars: AIRFLOW_CTX_DAG_OWNER='data-engineering' AIRFLOW_CTX_DAG_ID='nyc_taxi_batch_etl' AIRFLOW_CTX_TASK_ID='get_months' AIRFLOW_CTX_EXECUTION_DATE='2026-07-09T03:00:00+00:00' AIRFLOW_CTX_TRY_NUMBER='1' AIRFLOW_CTX_DAG_RUN_ID='scheduled__2026-07-09T03:00:00+00:00'
[2026-07-10T11:56:04.078+0000] {taskinstance.py:430} INFO - ::endgroup::
[2026-07-10T11:56:04.080+0000] {python.py:237} INFO - Done. Returned value was: ['2023-01', '2023-02']
[2026-07-10T11:56:04.080+0000] {taskinstance.py:441} INFO - ::group::Post task execution logs
[2026-07-10T11:56:04.114+0000] {taskinstance.py:1206} INFO - Marking task as SUCCESS. dag_id=nyc_taxi_batch_etl, task_id=get_months, run_id=scheduled__2026-07-09T03:00:00+00:00, execution_date=20260709T030000, start_date=20260710T115603, end_date=20260710T115604
[2026-07-10T11:56:04.161+0000] {local_task_job_runner.py:243} INFO - Task exited with return code 0
[2026-07-10T11:56:04.230+0000] {taskinstance.py:3503} INFO - 3 downstream tasks scheduled from follow-on schedule check
[2026-07-10T11:56:04.233+0000] {local_task_job_runner.py:222} INFO - ::endgroup::
[2026-07-10T14:27:53.787+0000] {local_task_job_runner.py:120} INFO - ::group::Pre task execution logs
[2026-07-10T14:27:53.822+0000] {taskinstance.py:2076} INFO - Dependencies all met for dep_context=non-requeueable deps ti=<TaskInstance: nyc_taxi_batch_etl.get_months scheduled__2026-07-09T03:00:00+00:00 [queued]>
[2026-07-10T14:27:53.831+0000] {taskinstance.py:2076} INFO - Dependencies all met for dep_context=requeueable deps ti=<TaskInstance: nyc_taxi_batch_etl.get_months scheduled__2026-07-09T03:00:00+00:00 [queued]>
[2026-07-10T14:27:53.832+0000] {taskinstance.py:2306} INFO - Starting attempt 1 of 3
[2026-07-10T14:27:53.844+0000] {taskinstance.py:2330} INFO - Executing <Task(_PythonDecoratedOperator): get_months> on 2026-07-09 03:00:00+00:00
[2026-07-10T14:27:53.851+0000] {standard_task_runner.py:64} INFO - Started process 424 to run task
[2026-07-10T14:27:53.855+0000] {standard_task_runner.py:90} INFO - Running: ['***', 'tasks', 'run', 'nyc_taxi_batch_etl', 'get_months', 'scheduled__2026-07-09T03:00:00+00:00', '--job-id', '15', '--raw', '--subdir', 'DAGS_FOLDER/taxi_etl_dag.py', '--cfg-path', '/tmp/tmpno45qxza']
[2026-07-10T14:27:53.856+0000] {standard_task_runner.py:91} INFO - Job 15: Subtask get_months
[2026-07-10T14:27:53.931+0000] {task_command.py:426} INFO - Running <TaskInstance: nyc_taxi_batch_etl.get_months scheduled__2026-07-09T03:00:00+00:00 [running]> on host 03a8c9f72f2e
[2026-07-10T14:27:54.058+0000] {taskinstance.py:2648} INFO - Exporting env vars: AIRFLOW_CTX_DAG_OWNER='data-engineering' AIRFLOW_CTX_DAG_ID='nyc_taxi_batch_etl' AIRFLOW_CTX_TASK_ID='get_months' AIRFLOW_CTX_EXECUTION_DATE='2026-07-09T03:00:00+00:00' AIRFLOW_CTX_TRY_NUMBER='1' AIRFLOW_CTX_DAG_RUN_ID='scheduled__2026-07-09T03:00:00+00:00'
[2026-07-10T14:27:54.060+0000] {taskinstance.py:430} INFO - ::endgroup::
[2026-07-10T14:27:54.061+0000] {python.py:237} INFO - Done. Returned value was: ['2023-01', '2023-02']
[2026-07-10T14:27:54.061+0000] {taskinstance.py:441} INFO - ::group::Post task execution logs
[2026-07-10T14:27:54.105+0000] {taskinstance.py:1206} INFO - Marking task as SUCCESS. dag_id=nyc_taxi_batch_etl, task_id=get_months, run_id=scheduled__2026-07-09T03:00:00+00:00, execution_date=20260709T030000, start_date=20260710T142753, end_date=20260710T142754
[2026-07-10T14:27:54.150+0000] {local_task_job_runner.py:243} INFO - Task exited with return code 0
[2026-07-10T14:27:54.166+0000] {local_task_job_runner.py:222} INFO - ::endgroup::
