[2026-07-10T09:43:23.497+0000] {local_task_job_runner.py:120} INFO - ::group::Pre task execution logs
[2026-07-10T09:43:23.532+0000] {taskinstance.py:2076} INFO - Dependencies all met for dep_context=non-requeueable deps ti=<TaskInstance: nyc_taxi_batch_etl.download_month scheduled__2026-07-09T03:00:00+00:00 map_index=1 [queued]>
[2026-07-10T09:43:23.541+0000] {taskinstance.py:2076} INFO - Dependencies all met for dep_context=requeueable deps ti=<TaskInstance: nyc_taxi_batch_etl.download_month scheduled__2026-07-09T03:00:00+00:00 map_index=1 [queued]>
[2026-07-10T09:43:23.541+0000] {taskinstance.py:2306} INFO - Starting attempt 1 of 3
[2026-07-10T09:43:23.572+0000] {taskinstance.py:2330} INFO - Executing <Mapped(_PythonDecoratedOperator): download_month> on 2026-07-09 03:00:00+00:00
[2026-07-10T09:43:23.576+0000] {standard_task_runner.py:64} INFO - Started process 237 to run task
[2026-07-10T09:43:23.580+0000] {standard_task_runner.py:90} INFO - Running: ['***', 'tasks', 'run', 'nyc_taxi_batch_etl', 'download_month', 'scheduled__2026-07-09T03:00:00+00:00', '--job-id', '11', '--raw', '--subdir', 'DAGS_FOLDER/taxi_etl_dag.py', '--cfg-path', '/tmp/tmp4udh9687', '--map-index', '1']
[2026-07-10T09:43:23.581+0000] {standard_task_runner.py:91} INFO - Job 11: Subtask download_month
[2026-07-10T09:43:23.676+0000] {task_command.py:426} INFO - Running <TaskInstance: nyc_taxi_batch_etl.download_month scheduled__2026-07-09T03:00:00+00:00 map_index=1 [running]> on host f20f0baeb657
[2026-07-10T09:43:23.827+0000] {taskinstance.py:2648} INFO - Exporting env vars: AIRFLOW_CTX_DAG_OWNER='data-engineering' AIRFLOW_CTX_DAG_ID='nyc_taxi_batch_etl' AIRFLOW_CTX_TASK_ID='download_month' AIRFLOW_CTX_EXECUTION_DATE='2026-07-09T03:00:00+00:00' AIRFLOW_CTX_TRY_NUMBER='1' AIRFLOW_CTX_DAG_RUN_ID='scheduled__2026-07-09T03:00:00+00:00'
[2026-07-10T09:43:23.828+0000] {taskinstance.py:430} INFO - ::endgroup::
[2026-07-10T09:43:23.829+0000] {python.py:237} INFO - Done. Returned value was: {'month': '2023-02', 'path': '/opt/***/data/raw/yellow_tripdata_2023-02.parquet'}
[2026-07-10T09:43:23.829+0000] {taskinstance.py:441} INFO - ::group::Post task execution logs
[2026-07-10T09:43:23.864+0000] {taskinstance.py:1206} INFO - Marking task as SUCCESS. dag_id=nyc_taxi_batch_etl, task_id=download_month, run_id=scheduled__2026-07-09T03:00:00+00:00, map_index=1, execution_date=20260709T030000, start_date=20260710T094323, end_date=20260710T094323
[2026-07-10T09:43:23.914+0000] {local_task_job_runner.py:243} INFO - Task exited with return code 0
[2026-07-10T09:43:23.942+0000] {taskinstance.py:3503} INFO - 0 downstream tasks scheduled from follow-on schedule check
[2026-07-10T09:43:23.945+0000] {local_task_job_runner.py:222} INFO - ::endgroup::
[2026-07-10T11:56:05.913+0000] {local_task_job_runner.py:120} INFO - ::group::Pre task execution logs
[2026-07-10T11:56:05.974+0000] {taskinstance.py:2076} INFO - Dependencies all met for dep_context=non-requeueable deps ti=<TaskInstance: nyc_taxi_batch_etl.download_month scheduled__2026-07-09T03:00:00+00:00 map_index=1 [queued]>
[2026-07-10T11:56:05.983+0000] {taskinstance.py:2076} INFO - Dependencies all met for dep_context=requeueable deps ti=<TaskInstance: nyc_taxi_batch_etl.download_month scheduled__2026-07-09T03:00:00+00:00 map_index=1 [queued]>
[2026-07-10T11:56:05.983+0000] {taskinstance.py:2306} INFO - Starting attempt 1 of 3
[2026-07-10T11:56:05.995+0000] {taskinstance.py:2330} INFO - Executing <Mapped(_PythonDecoratedOperator): download_month> on 2026-07-09 03:00:00+00:00
[2026-07-10T11:56:06.001+0000] {standard_task_runner.py:64} INFO - Started process 205 to run task
[2026-07-10T11:56:06.006+0000] {standard_task_runner.py:90} INFO - Running: ['***', 'tasks', 'run', 'nyc_taxi_batch_etl', 'download_month', 'scheduled__2026-07-09T03:00:00+00:00', '--job-id', '9', '--raw', '--subdir', 'DAGS_FOLDER/taxi_etl_dag.py', '--cfg-path', '/tmp/tmpsbe_s3vb', '--map-index', '1']
[2026-07-10T11:56:06.007+0000] {standard_task_runner.py:91} INFO - Job 9: Subtask download_month
[2026-07-10T11:56:06.082+0000] {task_command.py:426} INFO - Running <TaskInstance: nyc_taxi_batch_etl.download_month scheduled__2026-07-09T03:00:00+00:00 map_index=1 [running]> on host 727d2fef0d7e
[2026-07-10T11:56:06.201+0000] {taskinstance.py:2648} INFO - Exporting env vars: AIRFLOW_CTX_DAG_OWNER='data-engineering' AIRFLOW_CTX_DAG_ID='nyc_taxi_batch_etl' AIRFLOW_CTX_TASK_ID='download_month' AIRFLOW_CTX_EXECUTION_DATE='2026-07-09T03:00:00+00:00' AIRFLOW_CTX_TRY_NUMBER='1' AIRFLOW_CTX_DAG_RUN_ID='scheduled__2026-07-09T03:00:00+00:00'
[2026-07-10T11:56:06.202+0000] {taskinstance.py:430} INFO - ::endgroup::
[2026-07-10T11:56:06.202+0000] {python.py:237} INFO - Done. Returned value was: {'month': '2023-02', 'path': '/opt/***/data/raw/yellow_tripdata_2023-02.parquet'}
[2026-07-10T11:56:06.203+0000] {taskinstance.py:441} INFO - ::group::Post task execution logs
[2026-07-10T11:56:06.242+0000] {taskinstance.py:1206} INFO - Marking task as SUCCESS. dag_id=nyc_taxi_batch_etl, task_id=download_month, run_id=scheduled__2026-07-09T03:00:00+00:00, map_index=1, execution_date=20260709T030000, start_date=20260710T115605, end_date=20260710T115606
[2026-07-10T11:56:06.301+0000] {local_task_job_runner.py:243} INFO - Task exited with return code 0
[2026-07-10T11:56:06.397+0000] {taskinstance.py:3503} INFO - 2 downstream tasks scheduled from follow-on schedule check
[2026-07-10T11:56:06.399+0000] {local_task_job_runner.py:222} INFO - ::endgroup::
[2026-07-10T14:28:12.687+0000] {local_task_job_runner.py:120} INFO - ::group::Pre task execution logs
[2026-07-10T14:28:12.815+0000] {taskinstance.py:2076} INFO - Dependencies all met for dep_context=non-requeueable deps ti=<TaskInstance: nyc_taxi_batch_etl.download_month scheduled__2026-07-09T03:00:00+00:00 map_index=1 [queued]>
[2026-07-10T14:28:12.823+0000] {taskinstance.py:2076} INFO - Dependencies all met for dep_context=requeueable deps ti=<TaskInstance: nyc_taxi_batch_etl.download_month scheduled__2026-07-09T03:00:00+00:00 map_index=1 [queued]>
[2026-07-10T14:28:12.824+0000] {taskinstance.py:2306} INFO - Starting attempt 1 of 3
[2026-07-10T14:28:12.836+0000] {taskinstance.py:2330} INFO - Executing <Mapped(_PythonDecoratedOperator): download_month> on 2026-07-09 03:00:00+00:00
[2026-07-10T14:28:12.841+0000] {standard_task_runner.py:64} INFO - Started process 439 to run task
[2026-07-10T14:28:12.844+0000] {standard_task_runner.py:90} INFO - Running: ['***', 'tasks', 'run', 'nyc_taxi_batch_etl', 'download_month', 'scheduled__2026-07-09T03:00:00+00:00', '--job-id', '19', '--raw', '--subdir', 'DAGS_FOLDER/taxi_etl_dag.py', '--cfg-path', '/tmp/tmpqz14mg04', '--map-index', '1']
[2026-07-10T14:28:12.845+0000] {standard_task_runner.py:91} INFO - Job 19: Subtask download_month
[2026-07-10T14:28:12.905+0000] {task_command.py:426} INFO - Running <TaskInstance: nyc_taxi_batch_etl.download_month scheduled__2026-07-09T03:00:00+00:00 map_index=1 [running]> on host 03a8c9f72f2e
[2026-07-10T14:28:13.019+0000] {taskinstance.py:2648} INFO - Exporting env vars: AIRFLOW_CTX_DAG_OWNER='data-engineering' AIRFLOW_CTX_DAG_ID='nyc_taxi_batch_etl' AIRFLOW_CTX_TASK_ID='download_month' AIRFLOW_CTX_EXECUTION_DATE='2026-07-09T03:00:00+00:00' AIRFLOW_CTX_TRY_NUMBER='1' AIRFLOW_CTX_DAG_RUN_ID='scheduled__2026-07-09T03:00:00+00:00'
[2026-07-10T14:28:13.020+0000] {taskinstance.py:430} INFO - ::endgroup::
[2026-07-10T14:28:13.022+0000] {python.py:237} INFO - Done. Returned value was: {'month': '2023-02', 'path': '/opt/***/data/raw/yellow_tripdata_2023-02.parquet'}
[2026-07-10T14:28:13.022+0000] {taskinstance.py:441} INFO - ::group::Post task execution logs
[2026-07-10T14:28:13.074+0000] {taskinstance.py:1206} INFO - Marking task as SUCCESS. dag_id=nyc_taxi_batch_etl, task_id=download_month, run_id=scheduled__2026-07-09T03:00:00+00:00, map_index=1, execution_date=20260709T030000, start_date=20260710T142812, end_date=20260710T142813
[2026-07-10T14:28:13.138+0000] {local_task_job_runner.py:243} INFO - Task exited with return code 0
[2026-07-10T14:28:13.213+0000] {taskinstance.py:3503} INFO - 2 downstream tasks scheduled from follow-on schedule check
[2026-07-10T14:28:13.216+0000] {local_task_job_runner.py:222} INFO - ::endgroup::
