[2026-07-10T10:59:15.704+0000] {local_task_job_runner.py:120} INFO - ::group::Pre task execution logs
[2026-07-10T10:59:15.749+0000] {taskinstance.py:2076} INFO - Dependencies all met for dep_context=non-requeueable deps ti=<TaskInstance: nyc_taxi_batch_etl.force_failure manual__2026-07-10T10:28:53+00:00 [queued]>
[2026-07-10T10:59:15.760+0000] {taskinstance.py:2076} INFO - Dependencies all met for dep_context=requeueable deps ti=<TaskInstance: nyc_taxi_batch_etl.force_failure manual__2026-07-10T10:28:53+00:00 [queued]>
[2026-07-10T10:59:15.761+0000] {taskinstance.py:2306} INFO - Starting attempt 2 of 3
[2026-07-10T10:59:15.776+0000] {taskinstance.py:2330} INFO - Executing <Task(_PythonDecoratedOperator): force_failure> on 2026-07-10 10:28:53+00:00
[2026-07-10T10:59:15.784+0000] {standard_task_runner.py:64} INFO - Started process 1256 to run task
[2026-07-10T10:59:15.789+0000] {standard_task_runner.py:90} INFO - Running: ['***', 'tasks', 'run', 'nyc_taxi_batch_etl', 'force_failure', 'manual__2026-07-10T10:28:53+00:00', '--job-id', '52', '--raw', '--subdir', 'DAGS_FOLDER/taxi_etl_dag.py', '--cfg-path', '/tmp/tmpdkz4mdi5']
[2026-07-10T10:59:15.790+0000] {standard_task_runner.py:91} INFO - Job 52: Subtask force_failure
[2026-07-10T10:59:15.864+0000] {task_command.py:426} INFO - Running <TaskInstance: nyc_taxi_batch_etl.force_failure manual__2026-07-10T10:28:53+00:00 [running]> on host f20f0baeb657
[2026-07-10T10:59:15.991+0000] {taskinstance.py:2648} INFO - Exporting env vars: AIRFLOW_CTX_DAG_OWNER='data-engineering' AIRFLOW_CTX_DAG_ID='nyc_taxi_batch_etl' AIRFLOW_CTX_TASK_ID='force_failure' AIRFLOW_CTX_EXECUTION_DATE='2026-07-10T10:28:53+00:00' AIRFLOW_CTX_TRY_NUMBER='2' AIRFLOW_CTX_DAG_RUN_ID='manual__2026-07-10T10:28:53+00:00'
[2026-07-10T10:59:15.993+0000] {taskinstance.py:430} INFO - ::endgroup::
[2026-07-10T10:59:15.993+0000] {taskinstance.py:441} INFO - ::group::Post task execution logs
[2026-07-10T10:59:15.994+0000] {taskinstance.py:2905} ERROR - Task failed with exception
Traceback (most recent call last):
  File "/home/airflow/.local/lib/python3.10/site-packages/airflow/models/taskinstance.py", line 465, in _execute_task
    result = _execute_callable(context=context, **execute_callable_kwargs)
  File "/home/airflow/.local/lib/python3.10/site-packages/airflow/models/taskinstance.py", line 432, in _execute_callable
    return execute_callable(context=context, **execute_callable_kwargs)
  File "/home/airflow/.local/lib/python3.10/site-packages/airflow/models/baseoperator.py", line 401, in wrapper
    return func(self, *args, **kwargs)
  File "/home/airflow/.local/lib/python3.10/site-packages/airflow/decorators/base.py", line 265, in execute
    return_value = super().execute(context)
  File "/home/airflow/.local/lib/python3.10/site-packages/airflow/models/baseoperator.py", line 401, in wrapper
    return func(self, *args, **kwargs)
  File "/home/airflow/.local/lib/python3.10/site-packages/airflow/operators/python.py", line 235, in execute
    return_value = self.execute_callable()
  File "/home/airflow/.local/lib/python3.10/site-packages/airflow/operators/python.py", line 252, in execute_callable
    return self.python_callable(*self.op_args, **self.op_kwargs)
  File "/opt/airflow/dags/taxi_etl_dag.py", line 146, in force_failure
    raise RuntimeError("Deliberate failure to demonstrate on_failure_callback")
RuntimeError: Deliberate failure to demonstrate on_failure_callback
[2026-07-10T10:59:16.009+0000] {taskinstance.py:1206} INFO - Marking task as UP_FOR_RETRY. dag_id=nyc_taxi_batch_etl, task_id=force_failure, run_id=manual__2026-07-10T10:28:53+00:00, execution_date=20260710T102853, start_date=20260710T105915, end_date=20260710T105916
[2026-07-10T10:59:16.025+0000] {standard_task_runner.py:110} ERROR - Failed to execute job 52 for task force_failure (Deliberate failure to demonstrate on_failure_callback; 1256)
[2026-07-10T10:59:16.044+0000] {local_task_job_runner.py:243} INFO - Task exited with return code 1
[2026-07-10T10:59:16.071+0000] {taskinstance.py:3503} INFO - 0 downstream tasks scheduled from follow-on schedule check
[2026-07-10T10:59:16.073+0000] {local_task_job_runner.py:222} INFO - ::endgroup::
