[2026-07-10T09:42:12.262+0000] {local_task_job_runner.py:120} INFO - ::group::Pre task execution logs
[2026-07-10T09:42:12.311+0000] {taskinstance.py:2076} INFO - Dependencies all met for dep_context=non-requeueable deps ti=<TaskInstance: nyc_taxi_batch_etl.create_schema scheduled__2026-07-09T03:00:00+00:00 [queued]>
[2026-07-10T09:42:12.389+0000] {taskinstance.py:2076} INFO - Dependencies all met for dep_context=requeueable deps ti=<TaskInstance: nyc_taxi_batch_etl.create_schema scheduled__2026-07-09T03:00:00+00:00 [queued]>
[2026-07-10T09:42:12.390+0000] {taskinstance.py:2306} INFO - Starting attempt 1 of 3
[2026-07-10T09:42:12.448+0000] {taskinstance.py:2330} INFO - Executing <Task(_PythonDecoratedOperator): create_schema> on 2026-07-09 03:00:00+00:00
[2026-07-10T09:42:12.453+0000] {standard_task_runner.py:64} INFO - Started process 200 to run task
[2026-07-10T09:42:12.456+0000] {standard_task_runner.py:90} INFO - Running: ['***', 'tasks', 'run', 'nyc_taxi_batch_etl', 'create_schema', 'scheduled__2026-07-09T03:00:00+00:00', '--job-id', '3', '--raw', '--subdir', 'DAGS_FOLDER/taxi_etl_dag.py', '--cfg-path', '/tmp/tmpn2ukwra4']
[2026-07-10T09:42:12.457+0000] {standard_task_runner.py:91} INFO - Job 3: Subtask create_schema
[2026-07-10T09:42:12.576+0000] {task_command.py:426} INFO - Running <TaskInstance: nyc_taxi_batch_etl.create_schema scheduled__2026-07-09T03:00:00+00:00 [running]> on host f20f0baeb657
[2026-07-10T09:42:12.885+0000] {taskinstance.py:2648} INFO - Exporting env vars: AIRFLOW_CTX_DAG_OWNER='data-engineering' AIRFLOW_CTX_DAG_ID='nyc_taxi_batch_etl' AIRFLOW_CTX_TASK_ID='create_schema' AIRFLOW_CTX_EXECUTION_DATE='2026-07-09T03:00:00+00:00' AIRFLOW_CTX_TRY_NUMBER='1' AIRFLOW_CTX_DAG_RUN_ID='scheduled__2026-07-09T03:00:00+00:00'
[2026-07-10T09:42:12.887+0000] {taskinstance.py:430} INFO - ::endgroup::
[2026-07-10T09:42:14.172+0000] {python.py:237} INFO - Done. Returned value was: schema_ready
[2026-07-10T09:42:14.173+0000] {taskinstance.py:441} INFO - ::group::Post task execution logs
[2026-07-10T09:42:14.211+0000] {taskinstance.py:1206} INFO - Marking task as SUCCESS. dag_id=nyc_taxi_batch_etl, task_id=create_schema, run_id=scheduled__2026-07-09T03:00:00+00:00, execution_date=20260709T030000, start_date=20260710T094212, end_date=20260710T094214
[2026-07-10T09:42:14.242+0000] {local_task_job_runner.py:243} INFO - Task exited with return code 0
[2026-07-10T09:42:14.282+0000] {taskinstance.py:3503} INFO - 1 downstream tasks scheduled from follow-on schedule check
[2026-07-10T09:42:14.292+0000] {local_task_job_runner.py:222} INFO - ::endgroup::
[2026-07-10T11:56:00.900+0000] {local_task_job_runner.py:120} INFO - ::group::Pre task execution logs
[2026-07-10T11:56:01.083+0000] {taskinstance.py:2076} INFO - Dependencies all met for dep_context=non-requeueable deps ti=<TaskInstance: nyc_taxi_batch_etl.create_schema scheduled__2026-07-09T03:00:00+00:00 [queued]>
[2026-07-10T11:56:01.089+0000] {taskinstance.py:2076} INFO - Dependencies all met for dep_context=requeueable deps ti=<TaskInstance: nyc_taxi_batch_etl.create_schema scheduled__2026-07-09T03:00:00+00:00 [queued]>
[2026-07-10T11:56:01.089+0000] {taskinstance.py:2306} INFO - Starting attempt 1 of 3
[2026-07-10T11:56:01.187+0000] {taskinstance.py:2330} INFO - Executing <Task(_PythonDecoratedOperator): create_schema> on 2026-07-09 03:00:00+00:00
[2026-07-10T11:56:01.193+0000] {standard_task_runner.py:64} INFO - Started process 188 to run task
[2026-07-10T11:56:01.197+0000] {standard_task_runner.py:90} INFO - Running: ['***', 'tasks', 'run', 'nyc_taxi_batch_etl', 'create_schema', 'scheduled__2026-07-09T03:00:00+00:00', '--job-id', '3', '--raw', '--subdir', 'DAGS_FOLDER/taxi_etl_dag.py', '--cfg-path', '/tmp/tmpum7s5aq6']
[2026-07-10T11:56:01.198+0000] {standard_task_runner.py:91} INFO - Job 3: Subtask create_schema
[2026-07-10T11:56:01.297+0000] {task_command.py:426} INFO - Running <TaskInstance: nyc_taxi_batch_etl.create_schema scheduled__2026-07-09T03:00:00+00:00 [running]> on host 727d2fef0d7e
[2026-07-10T11:56:01.583+0000] {taskinstance.py:2648} INFO - Exporting env vars: AIRFLOW_CTX_DAG_OWNER='data-engineering' AIRFLOW_CTX_DAG_ID='nyc_taxi_batch_etl' AIRFLOW_CTX_TASK_ID='create_schema' AIRFLOW_CTX_EXECUTION_DATE='2026-07-09T03:00:00+00:00' AIRFLOW_CTX_TRY_NUMBER='1' AIRFLOW_CTX_DAG_RUN_ID='scheduled__2026-07-09T03:00:00+00:00'
[2026-07-10T11:56:01.584+0000] {taskinstance.py:430} INFO - ::endgroup::
[2026-07-10T11:56:02.600+0000] {python.py:237} INFO - Done. Returned value was: schema_ready
[2026-07-10T11:56:02.600+0000] {taskinstance.py:441} INFO - ::group::Post task execution logs
[2026-07-10T11:56:02.824+0000] {taskinstance.py:1206} INFO - Marking task as SUCCESS. dag_id=nyc_taxi_batch_etl, task_id=create_schema, run_id=scheduled__2026-07-09T03:00:00+00:00, execution_date=20260709T030000, start_date=20260710T115601, end_date=20260710T115602
[2026-07-10T11:56:03.186+0000] {local_task_job_runner.py:243} INFO - Task exited with return code 0
[2026-07-10T11:56:03.218+0000] {taskinstance.py:3503} INFO - 1 downstream tasks scheduled from follow-on schedule check
[2026-07-10T11:56:03.415+0000] {local_task_job_runner.py:222} INFO - ::endgroup::
[2026-07-10T14:15:12.775+0000] {local_task_job_runner.py:120} INFO - ::group::Pre task execution logs
[2026-07-10T14:15:12.850+0000] {taskinstance.py:2076} INFO - Dependencies all met for dep_context=non-requeueable deps ti=<TaskInstance: nyc_taxi_batch_etl.create_schema scheduled__2026-07-09T03:00:00+00:00 [queued]>
[2026-07-10T14:15:12.863+0000] {taskinstance.py:2076} INFO - Dependencies all met for dep_context=requeueable deps ti=<TaskInstance: nyc_taxi_batch_etl.create_schema scheduled__2026-07-09T03:00:00+00:00 [queued]>
[2026-07-10T14:15:12.863+0000] {taskinstance.py:2306} INFO - Starting attempt 1 of 3
[2026-07-10T14:15:12.879+0000] {taskinstance.py:2330} INFO - Executing <Task(_PythonDecoratedOperator): create_schema> on 2026-07-09 03:00:00+00:00
[2026-07-10T14:15:12.887+0000] {standard_task_runner.py:64} INFO - Started process 223 to run task
[2026-07-10T14:15:12.897+0000] {standard_task_runner.py:90} INFO - Running: ['***', 'tasks', 'run', 'nyc_taxi_batch_etl', 'create_schema', 'scheduled__2026-07-09T03:00:00+00:00', '--job-id', '3', '--raw', '--subdir', 'DAGS_FOLDER/taxi_etl_dag.py', '--cfg-path', '/tmp/tmp9emhcz1o']
[2026-07-10T14:15:12.899+0000] {standard_task_runner.py:91} INFO - Job 3: Subtask create_schema
[2026-07-10T14:15:13.016+0000] {task_command.py:426} INFO - Running <TaskInstance: nyc_taxi_batch_etl.create_schema scheduled__2026-07-09T03:00:00+00:00 [running]> on host 03a8c9f72f2e
[2026-07-10T14:15:13.258+0000] {taskinstance.py:2648} INFO - Exporting env vars: AIRFLOW_CTX_DAG_OWNER='data-engineering' AIRFLOW_CTX_DAG_ID='nyc_taxi_batch_etl' AIRFLOW_CTX_TASK_ID='create_schema' AIRFLOW_CTX_EXECUTION_DATE='2026-07-09T03:00:00+00:00' AIRFLOW_CTX_TRY_NUMBER='1' AIRFLOW_CTX_DAG_RUN_ID='scheduled__2026-07-09T03:00:00+00:00'
[2026-07-10T14:15:13.261+0000] {taskinstance.py:430} INFO - ::endgroup::
[2026-07-10T14:15:13.446+0000] {taskinstance.py:441} INFO - ::group::Post task execution logs
[2026-07-10T14:15:13.447+0000] {taskinstance.py:2905} ERROR - Task failed with exception
Traceback (most recent call last):
  File "/home/airflow/.local/lib/python3.10/site-packages/airflow/models/taskinstance.py", line 465, in _execute_task
    result = _execute_callable(context=context, **execute_callable_kwargs)
  File "/home/airflow/.local/lib/python3.10/site-packages/airflow/models/taskinstance.py", line 432, in _execute_callable
    return execute_callable(context=context, **execute_callable_kwargs)
  File "/home/airflow/.local/lib/python3.10/site-packages/airflow/models/baseoperator.py", line 401, in wrapper
    return func(self, *args, **kwargs)
  File "/home/airflow/.local/lib/python3.10/site-packages/airflow/decorators/base.py", line 265, in execute
    return_value = super().execute(context)
  File "/home/airflow/.local/lib/python3.10/site-packages/airflow/models/baseoperator.py", line 401, in wrapper
    return func(self, *args, **kwargs)
  File "/home/airflow/.local/lib/python3.10/site-packages/airflow/operators/python.py", line 235, in execute
    return_value = self.execute_callable()
  File "/home/airflow/.local/lib/python3.10/site-packages/airflow/operators/python.py", line 252, in execute_callable
    return self.python_callable(*self.op_args, **self.op_kwargs)
  File "/opt/airflow/dags/taxi_etl_dag.py", line 80, in create_schema
    cur.execute(ddl)
psycopg2.errors.UniqueViolation: duplicate key value violates unique constraint "pg_namespace_nspname_index"
DETAIL:  Key (nspname)=(taxi) already exists.

[2026-07-10T14:15:13.474+0000] {taskinstance.py:1206} INFO - Marking task as UP_FOR_RETRY. dag_id=nyc_taxi_batch_etl, task_id=create_schema, run_id=scheduled__2026-07-09T03:00:00+00:00, execution_date=20260709T030000, start_date=20260710T141512, end_date=20260710T141513
[2026-07-10T14:15:13.501+0000] {standard_task_runner.py:110} ERROR - Failed to execute job 3 for task create_schema (duplicate key value violates unique constraint "pg_namespace_nspname_index"
DETAIL:  Key (nspname)=(taxi) already exists.
; 223)
[2026-07-10T14:15:13.551+0000] {local_task_job_runner.py:243} INFO - Task exited with return code 1
[2026-07-10T14:15:13.647+0000] {taskinstance.py:3503} INFO - 0 downstream tasks scheduled from follow-on schedule check
[2026-07-10T14:15:13.651+0000] {local_task_job_runner.py:222} INFO - ::endgroup::
