[2026-07-10T09:43:19.057+0000] {local_task_job_runner.py:120} INFO - ::group::Pre task execution logs
[2026-07-10T09:43:19.109+0000] {taskinstance.py:2076} INFO - Dependencies all met for dep_context=non-requeueable deps ti=<TaskInstance: nyc_taxi_batch_etl.build_dimensions.load_dim_date scheduled__2026-07-09T03:00:00+00:00 [queued]>
[2026-07-10T09:43:19.120+0000] {taskinstance.py:2076} INFO - Dependencies all met for dep_context=requeueable deps ti=<TaskInstance: nyc_taxi_batch_etl.build_dimensions.load_dim_date scheduled__2026-07-09T03:00:00+00:00 [queued]>
[2026-07-10T09:43:19.120+0000] {taskinstance.py:2306} INFO - Starting attempt 1 of 3
[2026-07-10T09:43:19.135+0000] {taskinstance.py:2330} INFO - Executing <Task(_PythonDecoratedOperator): build_dimensions.load_dim_date> on 2026-07-09 03:00:00+00:00
[2026-07-10T09:43:19.141+0000] {standard_task_runner.py:64} INFO - Started process 224 to run task
[2026-07-10T09:43:19.145+0000] {standard_task_runner.py:90} INFO - Running: ['***', 'tasks', 'run', 'nyc_taxi_batch_etl', 'build_dimensions.load_dim_date', 'scheduled__2026-07-09T03:00:00+00:00', '--job-id', '7', '--raw', '--subdir', 'DAGS_FOLDER/taxi_etl_dag.py', '--cfg-path', '/tmp/tmp9ygqqzx3']
[2026-07-10T09:43:19.147+0000] {standard_task_runner.py:91} INFO - Job 7: Subtask build_dimensions.load_dim_date
[2026-07-10T09:43:19.213+0000] {task_command.py:426} INFO - Running <TaskInstance: nyc_taxi_batch_etl.build_dimensions.load_dim_date scheduled__2026-07-09T03:00:00+00:00 [running]> on host f20f0baeb657
[2026-07-10T09:43:19.438+0000] {taskinstance.py:2648} INFO - Exporting env vars: AIRFLOW_CTX_DAG_OWNER='data-engineering' AIRFLOW_CTX_DAG_ID='nyc_taxi_batch_etl' AIRFLOW_CTX_TASK_ID='build_dimensions.load_dim_date' AIRFLOW_CTX_EXECUTION_DATE='2026-07-09T03:00:00+00:00' AIRFLOW_CTX_TRY_NUMBER='1' AIRFLOW_CTX_DAG_RUN_ID='scheduled__2026-07-09T03:00:00+00:00'
[2026-07-10T09:43:19.439+0000] {taskinstance.py:430} INFO - ::endgroup::
[2026-07-10T09:43:19.585+0000] {python.py:237} INFO - Done. Returned value was: None
[2026-07-10T09:43:19.586+0000] {taskinstance.py:441} INFO - ::group::Post task execution logs
[2026-07-10T09:43:19.604+0000] {taskinstance.py:1206} INFO - Marking task as SUCCESS. dag_id=nyc_taxi_batch_etl, task_id=build_dimensions.load_dim_date, run_id=scheduled__2026-07-09T03:00:00+00:00, execution_date=20260709T030000, start_date=20260710T094319, end_date=20260710T094319
[2026-07-10T09:43:20.206+0000] {local_task_job_runner.py:243} INFO - Task exited with return code 0
[2026-07-10T09:43:20.237+0000] {taskinstance.py:3503} INFO - 0 downstream tasks scheduled from follow-on schedule check
[2026-07-10T09:43:20.318+0000] {local_task_job_runner.py:222} INFO - ::endgroup::
[2026-07-10T11:56:04.760+0000] {local_task_job_runner.py:120} INFO - ::group::Pre task execution logs
[2026-07-10T11:56:04.792+0000] {taskinstance.py:2076} INFO - Dependencies all met for dep_context=non-requeueable deps ti=<TaskInstance: nyc_taxi_batch_etl.build_dimensions.load_dim_date scheduled__2026-07-09T03:00:00+00:00 [queued]>
[2026-07-10T11:56:04.801+0000] {taskinstance.py:2076} INFO - Dependencies all met for dep_context=requeueable deps ti=<TaskInstance: nyc_taxi_batch_etl.build_dimensions.load_dim_date scheduled__2026-07-09T03:00:00+00:00 [queued]>
[2026-07-10T11:56:04.801+0000] {taskinstance.py:2306} INFO - Starting attempt 1 of 3
[2026-07-10T11:56:04.813+0000] {taskinstance.py:2330} INFO - Executing <Task(_PythonDecoratedOperator): build_dimensions.load_dim_date> on 2026-07-09 03:00:00+00:00
[2026-07-10T11:56:04.819+0000] {standard_task_runner.py:64} INFO - Started process 199 to run task
[2026-07-10T11:56:04.822+0000] {standard_task_runner.py:90} INFO - Running: ['***', 'tasks', 'run', 'nyc_taxi_batch_etl', 'build_dimensions.load_dim_date', 'scheduled__2026-07-09T03:00:00+00:00', '--job-id', '6', '--raw', '--subdir', 'DAGS_FOLDER/taxi_etl_dag.py', '--cfg-path', '/tmp/tmp6tn4oc3d']
[2026-07-10T11:56:04.823+0000] {standard_task_runner.py:91} INFO - Job 6: Subtask build_dimensions.load_dim_date
[2026-07-10T11:56:04.913+0000] {task_command.py:426} INFO - Running <TaskInstance: nyc_taxi_batch_etl.build_dimensions.load_dim_date scheduled__2026-07-09T03:00:00+00:00 [running]> on host 727d2fef0d7e
[2026-07-10T11:56:05.031+0000] {taskinstance.py:2648} INFO - Exporting env vars: AIRFLOW_CTX_DAG_OWNER='data-engineering' AIRFLOW_CTX_DAG_ID='nyc_taxi_batch_etl' AIRFLOW_CTX_TASK_ID='build_dimensions.load_dim_date' AIRFLOW_CTX_EXECUTION_DATE='2026-07-09T03:00:00+00:00' AIRFLOW_CTX_TRY_NUMBER='1' AIRFLOW_CTX_DAG_RUN_ID='scheduled__2026-07-09T03:00:00+00:00'
[2026-07-10T11:56:05.033+0000] {taskinstance.py:430} INFO - ::endgroup::
[2026-07-10T11:56:05.068+0000] {python.py:237} INFO - Done. Returned value was: None
[2026-07-10T11:56:05.068+0000] {taskinstance.py:441} INFO - ::group::Post task execution logs
[2026-07-10T11:56:05.082+0000] {taskinstance.py:1206} INFO - Marking task as SUCCESS. dag_id=nyc_taxi_batch_etl, task_id=build_dimensions.load_dim_date, run_id=scheduled__2026-07-09T03:00:00+00:00, execution_date=20260709T030000, start_date=20260710T115604, end_date=20260710T115605
[2026-07-10T11:56:05.117+0000] {local_task_job_runner.py:243} INFO - Task exited with return code 0
[2026-07-10T11:56:05.150+0000] {taskinstance.py:3503} INFO - 0 downstream tasks scheduled from follow-on schedule check
[2026-07-10T11:56:05.152+0000] {local_task_job_runner.py:222} INFO - ::endgroup::
[2026-07-10T14:28:10.967+0000] {local_task_job_runner.py:120} INFO - ::group::Pre task execution logs
[2026-07-10T14:28:11.003+0000] {taskinstance.py:2076} INFO - Dependencies all met for dep_context=non-requeueable deps ti=<TaskInstance: nyc_taxi_batch_etl.build_dimensions.load_dim_date scheduled__2026-07-09T03:00:00+00:00 [queued]>
[2026-07-10T14:28:11.011+0000] {taskinstance.py:2076} INFO - Dependencies all met for dep_context=requeueable deps ti=<TaskInstance: nyc_taxi_batch_etl.build_dimensions.load_dim_date scheduled__2026-07-09T03:00:00+00:00 [queued]>
[2026-07-10T14:28:11.011+0000] {taskinstance.py:2306} INFO - Starting attempt 1 of 3
[2026-07-10T14:28:11.022+0000] {taskinstance.py:2330} INFO - Executing <Task(_PythonDecoratedOperator): build_dimensions.load_dim_date> on 2026-07-09 03:00:00+00:00
[2026-07-10T14:28:11.028+0000] {standard_task_runner.py:64} INFO - Started process 434 to run task
[2026-07-10T14:28:11.034+0000] {standard_task_runner.py:90} INFO - Running: ['***', 'tasks', 'run', 'nyc_taxi_batch_etl', 'build_dimensions.load_dim_date', 'scheduled__2026-07-09T03:00:00+00:00', '--job-id', '17', '--raw', '--subdir', 'DAGS_FOLDER/taxi_etl_dag.py', '--cfg-path', '/tmp/tmpmdrg_qci']
[2026-07-10T14:28:11.035+0000] {standard_task_runner.py:91} INFO - Job 17: Subtask build_dimensions.load_dim_date
[2026-07-10T14:28:11.117+0000] {task_command.py:426} INFO - Running <TaskInstance: nyc_taxi_batch_etl.build_dimensions.load_dim_date scheduled__2026-07-09T03:00:00+00:00 [running]> on host 03a8c9f72f2e
[2026-07-10T14:28:11.273+0000] {taskinstance.py:2648} INFO - Exporting env vars: AIRFLOW_CTX_DAG_OWNER='data-engineering' AIRFLOW_CTX_DAG_ID='nyc_taxi_batch_etl' AIRFLOW_CTX_TASK_ID='build_dimensions.load_dim_date' AIRFLOW_CTX_EXECUTION_DATE='2026-07-09T03:00:00+00:00' AIRFLOW_CTX_TRY_NUMBER='1' AIRFLOW_CTX_DAG_RUN_ID='scheduled__2026-07-09T03:00:00+00:00'
[2026-07-10T14:28:11.274+0000] {taskinstance.py:430} INFO - ::endgroup::
[2026-07-10T14:28:11.377+0000] {python.py:237} INFO - Done. Returned value was: None
[2026-07-10T14:28:11.378+0000] {taskinstance.py:441} INFO - ::group::Post task execution logs
[2026-07-10T14:28:11.392+0000] {taskinstance.py:1206} INFO - Marking task as SUCCESS. dag_id=nyc_taxi_batch_etl, task_id=build_dimensions.load_dim_date, run_id=scheduled__2026-07-09T03:00:00+00:00, execution_date=20260709T030000, start_date=20260710T142811, end_date=20260710T142811
[2026-07-10T14:28:11.448+0000] {local_task_job_runner.py:243} INFO - Task exited with return code 0
[2026-07-10T14:28:11.493+0000] {taskinstance.py:3503} INFO - 0 downstream tasks scheduled from follow-on schedule check
[2026-07-10T14:28:11.511+0000] {local_task_job_runner.py:222} INFO - ::endgroup::
