[2026-07-10T09:43:22.042+0000] {local_task_job_runner.py:120} INFO - ::group::Pre task execution logs
[2026-07-10T09:43:22.217+0000] {taskinstance.py:2076} INFO - Dependencies all met for dep_context=non-requeueable deps ti=<TaskInstance: nyc_taxi_batch_etl.build_dimensions.load_dim_location scheduled__2026-07-09T03:00:00+00:00 [queued]>
[2026-07-10T09:43:22.224+0000] {taskinstance.py:2076} INFO - Dependencies all met for dep_context=requeueable deps ti=<TaskInstance: nyc_taxi_batch_etl.build_dimensions.load_dim_location scheduled__2026-07-09T03:00:00+00:00 [queued]>
[2026-07-10T09:43:22.225+0000] {taskinstance.py:2306} INFO - Starting attempt 1 of 3
[2026-07-10T09:43:22.237+0000] {taskinstance.py:2330} INFO - Executing <Task(_PythonDecoratedOperator): build_dimensions.load_dim_location> on 2026-07-09 03:00:00+00:00
[2026-07-10T09:43:22.242+0000] {standard_task_runner.py:64} INFO - Started process 230 to run task
[2026-07-10T09:43:22.245+0000] {standard_task_runner.py:90} INFO - Running: ['***', 'tasks', 'run', 'nyc_taxi_batch_etl', 'build_dimensions.load_dim_location', 'scheduled__2026-07-09T03:00:00+00:00', '--job-id', '8', '--raw', '--subdir', 'DAGS_FOLDER/taxi_etl_dag.py', '--cfg-path', '/tmp/tmplyubxn47']
[2026-07-10T09:43:22.246+0000] {standard_task_runner.py:91} INFO - Job 8: Subtask build_dimensions.load_dim_location
[2026-07-10T09:43:22.311+0000] {task_command.py:426} INFO - Running <TaskInstance: nyc_taxi_batch_etl.build_dimensions.load_dim_location scheduled__2026-07-09T03:00:00+00:00 [running]> on host f20f0baeb657
[2026-07-10T09:43:22.415+0000] {taskinstance.py:2648} INFO - Exporting env vars: AIRFLOW_CTX_DAG_OWNER='data-engineering' AIRFLOW_CTX_DAG_ID='nyc_taxi_batch_etl' AIRFLOW_CTX_TASK_ID='build_dimensions.load_dim_location' AIRFLOW_CTX_EXECUTION_DATE='2026-07-09T03:00:00+00:00' AIRFLOW_CTX_TRY_NUMBER='1' AIRFLOW_CTX_DAG_RUN_ID='scheduled__2026-07-09T03:00:00+00:00'
[2026-07-10T09:43:22.416+0000] {taskinstance.py:430} INFO - ::endgroup::
[2026-07-10T09:43:22.457+0000] {python.py:237} INFO - Done. Returned value was: None
[2026-07-10T09:43:22.457+0000] {taskinstance.py:441} INFO - ::group::Post task execution logs
[2026-07-10T09:43:22.474+0000] {taskinstance.py:1206} INFO - Marking task as SUCCESS. dag_id=nyc_taxi_batch_etl, task_id=build_dimensions.load_dim_location, run_id=scheduled__2026-07-09T03:00:00+00:00, execution_date=20260709T030000, start_date=20260710T094322, end_date=20260710T094322
[2026-07-10T09:43:22.499+0000] {local_task_job_runner.py:243} INFO - Task exited with return code 0
[2026-07-10T09:43:22.534+0000] {taskinstance.py:3503} INFO - 0 downstream tasks scheduled from follow-on schedule check
[2026-07-10T09:43:22.537+0000] {local_task_job_runner.py:222} INFO - ::endgroup::
[2026-07-10T11:56:03.790+0000] {local_task_job_runner.py:120} INFO - ::group::Pre task execution logs
[2026-07-10T11:56:03.823+0000] {taskinstance.py:2076} INFO - Dependencies all met for dep_context=non-requeueable deps ti=<TaskInstance: nyc_taxi_batch_etl.build_dimensions.load_dim_location scheduled__2026-07-09T03:00:00+00:00 [queued]>
[2026-07-10T11:56:03.833+0000] {taskinstance.py:2076} INFO - Dependencies all met for dep_context=requeueable deps ti=<TaskInstance: nyc_taxi_batch_etl.build_dimensions.load_dim_location scheduled__2026-07-09T03:00:00+00:00 [queued]>
[2026-07-10T11:56:03.834+0000] {taskinstance.py:2306} INFO - Starting attempt 1 of 3
[2026-07-10T11:56:03.849+0000] {taskinstance.py:2330} INFO - Executing <Task(_PythonDecoratedOperator): build_dimensions.load_dim_location> on 2026-07-09 03:00:00+00:00
[2026-07-10T11:56:03.855+0000] {standard_task_runner.py:64} INFO - Started process 193 to run task
[2026-07-10T11:56:03.858+0000] {standard_task_runner.py:90} INFO - Running: ['***', 'tasks', 'run', 'nyc_taxi_batch_etl', 'build_dimensions.load_dim_location', 'scheduled__2026-07-09T03:00:00+00:00', '--job-id', '4', '--raw', '--subdir', 'DAGS_FOLDER/taxi_etl_dag.py', '--cfg-path', '/tmp/tmp189360qy']
[2026-07-10T11:56:03.859+0000] {standard_task_runner.py:91} INFO - Job 4: Subtask build_dimensions.load_dim_location
[2026-07-10T11:56:03.922+0000] {task_command.py:426} INFO - Running <TaskInstance: nyc_taxi_batch_etl.build_dimensions.load_dim_location scheduled__2026-07-09T03:00:00+00:00 [running]> on host 727d2fef0d7e
[2026-07-10T11:56:04.023+0000] {taskinstance.py:2648} INFO - Exporting env vars: AIRFLOW_CTX_DAG_OWNER='data-engineering' AIRFLOW_CTX_DAG_ID='nyc_taxi_batch_etl' AIRFLOW_CTX_TASK_ID='build_dimensions.load_dim_location' AIRFLOW_CTX_EXECUTION_DATE='2026-07-09T03:00:00+00:00' AIRFLOW_CTX_TRY_NUMBER='1' AIRFLOW_CTX_DAG_RUN_ID='scheduled__2026-07-09T03:00:00+00:00'
[2026-07-10T11:56:04.024+0000] {taskinstance.py:430} INFO - ::endgroup::
[2026-07-10T11:56:04.075+0000] {python.py:237} INFO - Done. Returned value was: None
[2026-07-10T11:56:04.075+0000] {taskinstance.py:441} INFO - ::group::Post task execution logs
[2026-07-10T11:56:04.089+0000] {taskinstance.py:1206} INFO - Marking task as SUCCESS. dag_id=nyc_taxi_batch_etl, task_id=build_dimensions.load_dim_location, run_id=scheduled__2026-07-09T03:00:00+00:00, execution_date=20260709T030000, start_date=20260710T115603, end_date=20260710T115604
[2026-07-10T11:56:04.112+0000] {local_task_job_runner.py:243} INFO - Task exited with return code 0
[2026-07-10T11:56:04.125+0000] {local_task_job_runner.py:222} INFO - ::endgroup::
