[2026-07-10T09:43:22.050+0000] {local_task_job_runner.py:120} INFO - ::group::Pre task execution logs
[2026-07-10T09:43:22.221+0000] {taskinstance.py:2076} INFO - Dependencies all met for dep_context=non-requeueable deps ti=<TaskInstance: nyc_taxi_batch_etl.download_month scheduled__2026-07-09T03:00:00+00:00 map_index=0 [queued]>
[2026-07-10T09:43:22.229+0000] {taskinstance.py:2076} INFO - Dependencies all met for dep_context=requeueable deps ti=<TaskInstance: nyc_taxi_batch_etl.download_month scheduled__2026-07-09T03:00:00+00:00 map_index=0 [queued]>
[2026-07-10T09:43:22.230+0000] {taskinstance.py:2306} INFO - Starting attempt 1 of 3
[2026-07-10T09:43:22.262+0000] {taskinstance.py:2330} INFO - Executing <Mapped(_PythonDecoratedOperator): download_month> on 2026-07-09 03:00:00+00:00
[2026-07-10T09:43:22.267+0000] {standard_task_runner.py:64} INFO - Started process 231 to run task
[2026-07-10T09:43:22.270+0000] {standard_task_runner.py:90} INFO - Running: ['***', 'tasks', 'run', 'nyc_taxi_batch_etl', 'download_month', 'scheduled__2026-07-09T03:00:00+00:00', '--job-id', '9', '--raw', '--subdir', 'DAGS_FOLDER/taxi_etl_dag.py', '--cfg-path', '/tmp/tmpv2dub8tu', '--map-index', '0']
[2026-07-10T09:43:22.271+0000] {standard_task_runner.py:91} INFO - Job 9: Subtask download_month
[2026-07-10T09:43:22.339+0000] {task_command.py:426} INFO - Running <TaskInstance: nyc_taxi_batch_etl.download_month scheduled__2026-07-09T03:00:00+00:00 map_index=0 [running]> on host f20f0baeb657
[2026-07-10T09:43:22.458+0000] {taskinstance.py:2648} INFO - Exporting env vars: AIRFLOW_CTX_DAG_OWNER='data-engineering' AIRFLOW_CTX_DAG_ID='nyc_taxi_batch_etl' AIRFLOW_CTX_TASK_ID='download_month' AIRFLOW_CTX_EXECUTION_DATE='2026-07-09T03:00:00+00:00' AIRFLOW_CTX_TRY_NUMBER='1' AIRFLOW_CTX_DAG_RUN_ID='scheduled__2026-07-09T03:00:00+00:00'
[2026-07-10T09:43:22.460+0000] {taskinstance.py:430} INFO - ::endgroup::
[2026-07-10T09:43:22.461+0000] {python.py:237} INFO - Done. Returned value was: {'month': '2023-01', 'path': '/opt/***/data/raw/yellow_tripdata_2023-01.parquet'}
[2026-07-10T09:43:22.461+0000] {taskinstance.py:441} INFO - ::group::Post task execution logs
[2026-07-10T09:43:22.511+0000] {taskinstance.py:1206} INFO - Marking task as SUCCESS. dag_id=nyc_taxi_batch_etl, task_id=download_month, run_id=scheduled__2026-07-09T03:00:00+00:00, map_index=0, execution_date=20260709T030000, start_date=20260710T094322, end_date=20260710T094322
[2026-07-10T09:43:22.565+0000] {local_task_job_runner.py:243} INFO - Task exited with return code 0
[2026-07-10T09:43:22.594+0000] {taskinstance.py:3503} INFO - 0 downstream tasks scheduled from follow-on schedule check
[2026-07-10T09:43:22.596+0000] {local_task_job_runner.py:222} INFO - ::endgroup::
[2026-07-10T11:56:05.904+0000] {local_task_job_runner.py:120} INFO - ::group::Pre task execution logs
[2026-07-10T11:56:05.974+0000] {taskinstance.py:2076} INFO - Dependencies all met for dep_context=non-requeueable deps ti=<TaskInstance: nyc_taxi_batch_etl.download_month scheduled__2026-07-09T03:00:00+00:00 map_index=0 [queued]>
[2026-07-10T11:56:05.983+0000] {taskinstance.py:2076} INFO - Dependencies all met for dep_context=requeueable deps ti=<TaskInstance: nyc_taxi_batch_etl.download_month scheduled__2026-07-09T03:00:00+00:00 map_index=0 [queued]>
[2026-07-10T11:56:05.983+0000] {taskinstance.py:2306} INFO - Starting attempt 1 of 3
[2026-07-10T11:56:05.995+0000] {taskinstance.py:2330} INFO - Executing <Mapped(_PythonDecoratedOperator): download_month> on 2026-07-09 03:00:00+00:00
[2026-07-10T11:56:06.001+0000] {standard_task_runner.py:64} INFO - Started process 206 to run task
[2026-07-10T11:56:06.007+0000] {standard_task_runner.py:90} INFO - Running: ['***', 'tasks', 'run', 'nyc_taxi_batch_etl', 'download_month', 'scheduled__2026-07-09T03:00:00+00:00', '--job-id', '8', '--raw', '--subdir', 'DAGS_FOLDER/taxi_etl_dag.py', '--cfg-path', '/tmp/tmpspof7spc', '--map-index', '0']
[2026-07-10T11:56:06.008+0000] {standard_task_runner.py:91} INFO - Job 8: Subtask download_month
[2026-07-10T11:56:06.078+0000] {task_command.py:426} INFO - Running <TaskInstance: nyc_taxi_batch_etl.download_month scheduled__2026-07-09T03:00:00+00:00 map_index=0 [running]> on host 727d2fef0d7e
[2026-07-10T11:56:06.212+0000] {taskinstance.py:2648} INFO - Exporting env vars: AIRFLOW_CTX_DAG_OWNER='data-engineering' AIRFLOW_CTX_DAG_ID='nyc_taxi_batch_etl' AIRFLOW_CTX_TASK_ID='download_month' AIRFLOW_CTX_EXECUTION_DATE='2026-07-09T03:00:00+00:00' AIRFLOW_CTX_TRY_NUMBER='1' AIRFLOW_CTX_DAG_RUN_ID='scheduled__2026-07-09T03:00:00+00:00'
[2026-07-10T11:56:06.214+0000] {taskinstance.py:430} INFO - ::endgroup::
[2026-07-10T11:56:06.215+0000] {python.py:237} INFO - Done. Returned value was: {'month': '2023-01', 'path': '/opt/***/data/raw/yellow_tripdata_2023-01.parquet'}
[2026-07-10T11:56:06.215+0000] {taskinstance.py:441} INFO - ::group::Post task execution logs
[2026-07-10T11:56:06.259+0000] {taskinstance.py:1206} INFO - Marking task as SUCCESS. dag_id=nyc_taxi_batch_etl, task_id=download_month, run_id=scheduled__2026-07-09T03:00:00+00:00, map_index=0, execution_date=20260709T030000, start_date=20260710T115605, end_date=20260710T115606
[2026-07-10T11:56:06.301+0000] {local_task_job_runner.py:243} INFO - Task exited with return code 0
[2026-07-10T11:56:06.330+0000] {local_task_job_runner.py:222} INFO - ::endgroup::
