[2026-07-10T11:56:00.900+0000] {local_task_job_runner.py:120} INFO - ::group::Pre task execution logs
[2026-07-10T11:56:00.928+0000] {taskinstance.py:2076} INFO - Dependencies all met for dep_context=non-requeueable deps ti=<TaskInstance: nyc_taxi_batch_etl.create_schema manual__2026-07-10T11:55:58.347704+00:00 [queued]>
[2026-07-10T11:56:00.935+0000] {taskinstance.py:2076} INFO - Dependencies all met for dep_context=requeueable deps ti=<TaskInstance: nyc_taxi_batch_etl.create_schema manual__2026-07-10T11:55:58.347704+00:00 [queued]>
[2026-07-10T11:56:00.935+0000] {taskinstance.py:2306} INFO - Starting attempt 1 of 3
[2026-07-10T11:56:01.052+0000] {taskinstance.py:2330} INFO - Executing <Task(_PythonDecoratedOperator): create_schema> on 2026-07-10 11:55:58.347704+00:00
[2026-07-10T11:56:01.059+0000] {standard_task_runner.py:64} INFO - Started process 187 to run task
[2026-07-10T11:56:01.064+0000] {standard_task_runner.py:90} INFO - Running: ['***', 'tasks', 'run', 'nyc_taxi_batch_etl', 'create_schema', 'manual__2026-07-10T11:55:58.347704+00:00', '--job-id', '2', '--raw', '--subdir', 'DAGS_FOLDER/taxi_etl_dag.py', '--cfg-path', '/tmp/tmpmoy0w46q']
[2026-07-10T11:56:01.065+0000] {standard_task_runner.py:91} INFO - Job 2: Subtask create_schema
[2026-07-10T11:56:01.239+0000] {task_command.py:426} INFO - Running <TaskInstance: nyc_taxi_batch_etl.create_schema manual__2026-07-10T11:55:58.347704+00:00 [running]> on host 727d2fef0d7e
[2026-07-10T11:56:01.578+0000] {taskinstance.py:2648} INFO - Exporting env vars: AIRFLOW_CTX_DAG_OWNER='data-engineering' AIRFLOW_CTX_DAG_ID='nyc_taxi_batch_etl' AIRFLOW_CTX_TASK_ID='create_schema' AIRFLOW_CTX_EXECUTION_DATE='2026-07-10T11:55:58.347704+00:00' AIRFLOW_CTX_TRY_NUMBER='1' AIRFLOW_CTX_DAG_RUN_ID='manual__2026-07-10T11:55:58.347704+00:00'
[2026-07-10T11:56:01.579+0000] {taskinstance.py:430} INFO - ::endgroup::
[2026-07-10T11:56:02.601+0000] {taskinstance.py:441} INFO - ::group::Post task execution logs
[2026-07-10T11:56:02.602+0000] {taskinstance.py:2905} ERROR - Task failed with exception
Traceback (most recent call last):
  File "/home/airflow/.local/lib/python3.10/site-packages/airflow/models/taskinstance.py", line 465, in _execute_task
    result = _execute_callable(context=context, **execute_callable_kwargs)
  File "/home/airflow/.local/lib/python3.10/site-packages/airflow/models/taskinstance.py", line 432, in _execute_callable
    return execute_callable(context=context, **execute_callable_kwargs)
  File "/home/airflow/.local/lib/python3.10/site-packages/airflow/models/baseoperator.py", line 401, in wrapper
    return func(self, *args, **kwargs)
  File "/home/airflow/.local/lib/python3.10/site-packages/airflow/decorators/base.py", line 265, in execute
    return_value = super().execute(context)
  File "/home/airflow/.local/lib/python3.10/site-packages/airflow/models/baseoperator.py", line 401, in wrapper
    return func(self, *args, **kwargs)
  File "/home/airflow/.local/lib/python3.10/site-packages/airflow/operators/python.py", line 235, in execute
    return_value = self.execute_callable()
  File "/home/airflow/.local/lib/python3.10/site-packages/airflow/operators/python.py", line 252, in execute_callable
    return self.python_callable(*self.op_args, **self.op_kwargs)
  File "/opt/airflow/dags/taxi_etl_dag.py", line 80, in create_schema
    cur.execute(ddl)
psycopg2.errors.UniqueViolation: duplicate key value violates unique constraint "pg_namespace_nspname_index"
DETAIL:  Key (nspname)=(taxi) already exists.

[2026-07-10T11:56:02.613+0000] {taskinstance.py:1206} INFO - Marking task as UP_FOR_RETRY. dag_id=nyc_taxi_batch_etl, task_id=create_schema, run_id=manual__2026-07-10T11:55:58.347704+00:00, execution_date=20260710T115558, start_date=20260710T115600, end_date=20260710T115602
[2026-07-10T11:56:02.810+0000] {standard_task_runner.py:110} ERROR - Failed to execute job 2 for task create_schema (duplicate key value violates unique constraint "pg_namespace_nspname_index"
DETAIL:  Key (nspname)=(taxi) already exists.
; 187)
[2026-07-10T11:56:02.850+0000] {local_task_job_runner.py:243} INFO - Task exited with return code 1
[2026-07-10T11:56:02.881+0000] {taskinstance.py:3503} INFO - 0 downstream tasks scheduled from follow-on schedule check
[2026-07-10T11:56:03.170+0000] {local_task_job_runner.py:222} INFO - ::endgroup::
