[2026-07-10T09:42:12.262+0000] {local_task_job_runner.py:120} INFO - ::group::Pre task execution logs
[2026-07-10T09:42:12.311+0000] {taskinstance.py:2076} INFO - Dependencies all met for dep_context=non-requeueable deps ti=<TaskInstance: nyc_taxi_batch_etl.build_dimensions.load_seed_dimensions scheduled__2026-07-09T03:00:00+00:00 [queued]>
[2026-07-10T09:42:12.390+0000] {taskinstance.py:2076} INFO - Dependencies all met for dep_context=requeueable deps ti=<TaskInstance: nyc_taxi_batch_etl.build_dimensions.load_seed_dimensions scheduled__2026-07-09T03:00:00+00:00 [queued]>
[2026-07-10T09:42:12.390+0000] {taskinstance.py:2306} INFO - Starting attempt 1 of 3
[2026-07-10T09:42:12.519+0000] {taskinstance.py:2330} INFO - Executing <Task(_PythonDecoratedOperator): build_dimensions.load_seed_dimensions> on 2026-07-09 03:00:00+00:00
[2026-07-10T09:42:12.524+0000] {standard_task_runner.py:64} INFO - Started process 201 to run task
[2026-07-10T09:42:12.528+0000] {standard_task_runner.py:90} INFO - Running: ['***', 'tasks', 'run', 'nyc_taxi_batch_etl', 'build_dimensions.load_seed_dimensions', 'scheduled__2026-07-09T03:00:00+00:00', '--job-id', '2', '--raw', '--subdir', 'DAGS_FOLDER/taxi_etl_dag.py', '--cfg-path', '/tmp/tmp1cw09o_7']
[2026-07-10T09:42:12.529+0000] {standard_task_runner.py:91} INFO - Job 2: Subtask build_dimensions.load_seed_dimensions
[2026-07-10T09:42:12.868+0000] {task_command.py:426} INFO - Running <TaskInstance: nyc_taxi_batch_etl.build_dimensions.load_seed_dimensions scheduled__2026-07-09T03:00:00+00:00 [running]> on host f20f0baeb657
[2026-07-10T09:42:13.013+0000] {taskinstance.py:2648} INFO - Exporting env vars: AIRFLOW_CTX_DAG_OWNER='data-engineering' AIRFLOW_CTX_DAG_ID='nyc_taxi_batch_etl' AIRFLOW_CTX_TASK_ID='build_dimensions.load_seed_dimensions' AIRFLOW_CTX_EXECUTION_DATE='2026-07-09T03:00:00+00:00' AIRFLOW_CTX_TRY_NUMBER='1' AIRFLOW_CTX_DAG_RUN_ID='scheduled__2026-07-09T03:00:00+00:00'
[2026-07-10T09:42:13.014+0000] {taskinstance.py:430} INFO - ::endgroup::
[2026-07-10T09:42:13.106+0000] {taskinstance.py:441} INFO - ::group::Post task execution logs
[2026-07-10T09:42:13.106+0000] {taskinstance.py:2905} ERROR - Task failed with exception
Traceback (most recent call last):
  File "/home/airflow/.local/lib/python3.10/site-packages/airflow/models/taskinstance.py", line 465, in _execute_task
    result = _execute_callable(context=context, **execute_callable_kwargs)
  File "/home/airflow/.local/lib/python3.10/site-packages/airflow/models/taskinstance.py", line 432, in _execute_callable
    return execute_callable(context=context, **execute_callable_kwargs)
  File "/home/airflow/.local/lib/python3.10/site-packages/airflow/models/baseoperator.py", line 401, in wrapper
    return func(self, *args, **kwargs)
  File "/home/airflow/.local/lib/python3.10/site-packages/airflow/decorators/base.py", line 265, in execute
    return_value = super().execute(context)
  File "/home/airflow/.local/lib/python3.10/site-packages/airflow/models/baseoperator.py", line 401, in wrapper
    return func(self, *args, **kwargs)
  File "/home/airflow/.local/lib/python3.10/site-packages/airflow/operators/python.py", line 235, in execute
    return_value = self.execute_callable()
  File "/home/airflow/.local/lib/python3.10/site-packages/airflow/operators/python.py", line 252, in execute_callable
    return self.python_callable(*self.op_args, **self.op_kwargs)
  File "/opt/airflow/dags/taxi_etl_dag.py", line 94, in load_seed_dimensions
    load.upsert_dimension(transform.build_dim_vendor(), "dim_vendor", "vendor_key")
  File "/opt/airflow/dags/taxi/load.py", line 44, in upsert_dimension
    cur.execute(f"CREATE TEMP TABLE stage_dim (LIKE taxi.{table}) ON COMMIT DROP;")
psycopg2.errors.InvalidSchemaName: schema "taxi" does not exist
LINE 1: CREATE TEMP TABLE stage_dim (LIKE taxi.dim_vendor) ON COMMIT...
                                          ^

[2026-07-10T09:42:13.192+0000] {taskinstance.py:1206} INFO - Marking task as UP_FOR_RETRY. dag_id=nyc_taxi_batch_etl, task_id=build_dimensions.load_seed_dimensions, run_id=scheduled__2026-07-09T03:00:00+00:00, execution_date=20260709T030000, start_date=20260710T094212, end_date=20260710T094213
[2026-07-10T09:42:13.330+0000] {standard_task_runner.py:110} ERROR - Failed to execute job 2 for task build_dimensions.load_seed_dimensions (schema "taxi" does not exist
LINE 1: CREATE TEMP TABLE stage_dim (LIKE taxi.dim_vendor) ON COMMIT...
                                          ^
; 201)
[2026-07-10T09:42:13.346+0000] {local_task_job_runner.py:243} INFO - Task exited with return code 1
[2026-07-10T09:42:13.550+0000] {taskinstance.py:3503} INFO - 0 downstream tasks scheduled from follow-on schedule check
[2026-07-10T09:42:13.614+0000] {local_task_job_runner.py:222} INFO - ::endgroup::
[2026-07-10T11:56:04.762+0000] {local_task_job_runner.py:120} INFO - ::group::Pre task execution logs
[2026-07-10T11:56:04.794+0000] {taskinstance.py:2076} INFO - Dependencies all met for dep_context=non-requeueable deps ti=<TaskInstance: nyc_taxi_batch_etl.build_dimensions.load_seed_dimensions scheduled__2026-07-09T03:00:00+00:00 [queued]>
[2026-07-10T11:56:04.802+0000] {taskinstance.py:2076} INFO - Dependencies all met for dep_context=requeueable deps ti=<TaskInstance: nyc_taxi_batch_etl.build_dimensions.load_seed_dimensions scheduled__2026-07-09T03:00:00+00:00 [queued]>
[2026-07-10T11:56:04.802+0000] {taskinstance.py:2306} INFO - Starting attempt 1 of 3
[2026-07-10T11:56:04.814+0000] {taskinstance.py:2330} INFO - Executing <Task(_PythonDecoratedOperator): build_dimensions.load_seed_dimensions> on 2026-07-09 03:00:00+00:00
[2026-07-10T11:56:04.820+0000] {standard_task_runner.py:64} INFO - Started process 200 to run task
[2026-07-10T11:56:04.824+0000] {standard_task_runner.py:90} INFO - Running: ['***', 'tasks', 'run', 'nyc_taxi_batch_etl', 'build_dimensions.load_seed_dimensions', 'scheduled__2026-07-09T03:00:00+00:00', '--job-id', '7', '--raw', '--subdir', 'DAGS_FOLDER/taxi_etl_dag.py', '--cfg-path', '/tmp/tmp0h3h8o0l']
[2026-07-10T11:56:04.825+0000] {standard_task_runner.py:91} INFO - Job 7: Subtask build_dimensions.load_seed_dimensions
[2026-07-10T11:56:04.912+0000] {task_command.py:426} INFO - Running <TaskInstance: nyc_taxi_batch_etl.build_dimensions.load_seed_dimensions scheduled__2026-07-09T03:00:00+00:00 [running]> on host 727d2fef0d7e
[2026-07-10T11:56:05.030+0000] {taskinstance.py:2648} INFO - Exporting env vars: AIRFLOW_CTX_DAG_OWNER='data-engineering' AIRFLOW_CTX_DAG_ID='nyc_taxi_batch_etl' AIRFLOW_CTX_TASK_ID='build_dimensions.load_seed_dimensions' AIRFLOW_CTX_EXECUTION_DATE='2026-07-09T03:00:00+00:00' AIRFLOW_CTX_TRY_NUMBER='1' AIRFLOW_CTX_DAG_RUN_ID='scheduled__2026-07-09T03:00:00+00:00'
[2026-07-10T11:56:05.030+0000] {taskinstance.py:430} INFO - ::endgroup::
[2026-07-10T11:56:05.100+0000] {python.py:237} INFO - Done. Returned value was: None
[2026-07-10T11:56:05.101+0000] {taskinstance.py:441} INFO - ::group::Post task execution logs
[2026-07-10T11:56:05.113+0000] {taskinstance.py:1206} INFO - Marking task as SUCCESS. dag_id=nyc_taxi_batch_etl, task_id=build_dimensions.load_seed_dimensions, run_id=scheduled__2026-07-09T03:00:00+00:00, execution_date=20260709T030000, start_date=20260710T115604, end_date=20260710T115605
[2026-07-10T11:56:05.158+0000] {local_task_job_runner.py:243} INFO - Task exited with return code 0
[2026-07-10T11:56:05.190+0000] {taskinstance.py:3503} INFO - 0 downstream tasks scheduled from follow-on schedule check
[2026-07-10T11:56:05.193+0000] {local_task_job_runner.py:222} INFO - ::endgroup::
[2026-07-10T14:15:16.687+0000] {local_task_job_runner.py:120} INFO - ::group::Pre task execution logs
[2026-07-10T14:15:16.739+0000] {taskinstance.py:2076} INFO - Dependencies all met for dep_context=non-requeueable deps ti=<TaskInstance: nyc_taxi_batch_etl.build_dimensions.load_seed_dimensions scheduled__2026-07-09T03:00:00+00:00 [queued]>
[2026-07-10T14:15:16.751+0000] {taskinstance.py:2076} INFO - Dependencies all met for dep_context=requeueable deps ti=<TaskInstance: nyc_taxi_batch_etl.build_dimensions.load_seed_dimensions scheduled__2026-07-09T03:00:00+00:00 [queued]>
[2026-07-10T14:15:16.751+0000] {taskinstance.py:2306} INFO - Starting attempt 1 of 3
[2026-07-10T14:15:16.768+0000] {taskinstance.py:2330} INFO - Executing <Task(_PythonDecoratedOperator): build_dimensions.load_seed_dimensions> on 2026-07-09 03:00:00+00:00
[2026-07-10T14:15:16.775+0000] {standard_task_runner.py:64} INFO - Started process 241 to run task
[2026-07-10T14:15:16.781+0000] {standard_task_runner.py:90} INFO - Running: ['***', 'tasks', 'run', 'nyc_taxi_batch_etl', 'build_dimensions.load_seed_dimensions', 'scheduled__2026-07-09T03:00:00+00:00', '--job-id', '6', '--raw', '--subdir', 'DAGS_FOLDER/taxi_etl_dag.py', '--cfg-path', '/tmp/tmpddqa8b1n']
[2026-07-10T14:15:16.783+0000] {standard_task_runner.py:91} INFO - Job 6: Subtask build_dimensions.load_seed_dimensions
[2026-07-10T14:15:16.881+0000] {task_command.py:426} INFO - Running <TaskInstance: nyc_taxi_batch_etl.build_dimensions.load_seed_dimensions scheduled__2026-07-09T03:00:00+00:00 [running]> on host 03a8c9f72f2e
[2026-07-10T14:15:17.040+0000] {taskinstance.py:2648} INFO - Exporting env vars: AIRFLOW_CTX_DAG_OWNER='data-engineering' AIRFLOW_CTX_DAG_ID='nyc_taxi_batch_etl' AIRFLOW_CTX_TASK_ID='build_dimensions.load_seed_dimensions' AIRFLOW_CTX_EXECUTION_DATE='2026-07-09T03:00:00+00:00' AIRFLOW_CTX_TRY_NUMBER='1' AIRFLOW_CTX_DAG_RUN_ID='scheduled__2026-07-09T03:00:00+00:00'
[2026-07-10T14:15:17.041+0000] {taskinstance.py:430} INFO - ::endgroup::
[2026-07-10T14:15:17.139+0000] {python.py:237} INFO - Done. Returned value was: None
[2026-07-10T14:15:17.140+0000] {taskinstance.py:441} INFO - ::group::Post task execution logs
[2026-07-10T14:15:17.172+0000] {taskinstance.py:1206} INFO - Marking task as SUCCESS. dag_id=nyc_taxi_batch_etl, task_id=build_dimensions.load_seed_dimensions, run_id=scheduled__2026-07-09T03:00:00+00:00, execution_date=20260709T030000, start_date=20260710T141516, end_date=20260710T141517
[2026-07-10T14:15:17.236+0000] {local_task_job_runner.py:243} INFO - Task exited with return code 0
[2026-07-10T14:15:17.402+0000] {taskinstance.py:3503} INFO - 0 downstream tasks scheduled from follow-on schedule check
[2026-07-10T14:15:17.405+0000] {local_task_job_runner.py:222} INFO - ::endgroup::
